{
  "RSpec": {
    "coverage": {
      "/home/saswat/csce606/CSCE606_Fall2025_Project3_Group6/app/helpers/application_helper.rb": {
        "lines": [
          1,
          1,
          15,
          null,
          null,
          15,
          null,
          1,
          null,
          0,
          null,
          14,
          14,
          null,
          null,
          15,
          null,
          null
        ],
        "branches": {
          "[:if, 0, 3, 4, 3, 30]": {
            "[:then, 1, 3, 4, 3, 14]": 0,
            "[:else, 2, 3, 4, 3, 30]": 15
          },
          "[:if, 3, 6, 6, 14, 9]": {
            "[:then, 4, 7, 8, 11, 11]": 1,
            "[:else, 5, 12, 6, 14, 9]": 14
          },
          "[:if, 6, 12, 6, 14, 9]": {
            "[:then, 7, 13, 8, 13, 21]": 14,
            "[:else, 8, 12, 6, 14, 9]": 0
          },
          "[:\"&.\", 9, 16, 4, 16, 30]": {
            "[:then, 10, 16, 4, 16, 30]": 15,
            "[:else, 11, 16, 4, 16, 30]": 0
          }
        }
      },
      "/home/saswat/csce606/CSCE606_Fall2025_Project3_Group6/app/helpers/home_helper.rb": {
        "lines": [
          1,
          null
        ],
        "branches": {}
      },
      "/home/saswat/csce606/CSCE606_Fall2025_Project3_Group6/app/helpers/watchlist_items_helper.rb": {
        "lines": [
          1,
          null
        ],
        "branches": {}
      },
      "/home/saswat/csce606/CSCE606_Fall2025_Project3_Group6/app/controllers/movies_controller.rb": {
        "lines": [
          1,
          1,
          null,
          1,
          12,
          12,
          12,
          12,
          12,
          null,
          12,
          9,
          null,
          9,
          null,
          9,
          1,
          1,
          1,
          1,
          null,
          8,
          8,
          8,
          8,
          null,
          null,
          8,
          null,
          8,
          null,
          null,
          8,
          null,
          null,
          3,
          3,
          3,
          3,
          3,
          null,
          null,
          null,
          9,
          9,
          null,
          null,
          1,
          8,
          null,
          null,
          8,
          4,
          4,
          3,
          3,
          null,
          1,
          1,
          null,
          null,
          null,
          8,
          null,
          8,
          null,
          7,
          7,
          0,
          null,
          7,
          7,
          null,
          null,
          null,
          7,
          7,
          null,
          null,
          7,
          null,
          null,
          null,
          1,
          2,
          null,
          2,
          1,
          1,
          null,
          null,
          1,
          1,
          null,
          null,
          1,
          null,
          1,
          22,
          null,
          null,
          1,
          3,
          3,
          3,
          3,
          3,
          3,
          3,
          3,
          null,
          3,
          null,
          3,
          3,
          3,
          0,
          0,
          0,
          0,
          null,
          0,
          0,
          0,
          0,
          0,
          0,
          0,
          0,
          null,
          null,
          null,
          0,
          0,
          0,
          null,
          null,
          null,
          3,
          0,
          0,
          0,
          null,
          0,
          null,
          null,
          0,
          0,
          0,
          0,
          0,
          0,
          null,
          0,
          null,
          null,
          null,
          1,
          8,
          null,
          null,
          8,
          1,
          1,
          1,
          1,
          1,
          null,
          null,
          null,
          null,
          null,
          8,
          1,
          1,
          1,
          null,
          1,
          null,
          0,
          null,
          1,
          1,
          null,
          null,
          null,
          8,
          null,
          null,
          1,
          8,
          null,
          12,
          null,
          2,
          null,
          1,
          1,
          1,
          null,
          1,
          null,
          0,
          null,
          null,
          0,
          null,
          null,
          null,
          0,
          null,
          null,
          null,
          1,
          4,
          null,
          4,
          null,
          null,
          1,
          15,
          13,
          null,
          null,
          null,
          1,
          3,
          null,
          null,
          3,
          3,
          3,
          3,
          3,
          null,
          null,
          null,
          null,
          3,
          3,
          null,
          null,
          3,
          3,
          3,
          null,
          null,
          null,
          null,
          3,
          null,
          null,
          null,
          null,
          null,
          null,
          null,
          null,
          null,
          3,
          6,
          3,
          3,
          null,
          null,
          null,
          null,
          3,
          null,
          null,
          null,
          null,
          null,
          null,
          null,
          null,
          null
        ],
        "branches": {
          "[:\"&.\", 0, 5, 13, 5, 34]": {
            "[:then, 1, 5, 13, 5, 34]": 9,
            "[:else, 2, 5, 13, 5, 34]": 3
          },
          "[:\"&.\", 3, 6, 12, 6, 31]": {
            "[:then, 4, 6, 12, 6, 31]": 0,
            "[:else, 5, 6, 12, 6, 31]": 12
          },
          "[:\"&.\", 6, 7, 20, 7, 49]": {
            "[:then, 7, 7, 20, 7, 49]": 1,
            "[:else, 8, 7, 20, 7, 49]": 11
          },
          "[:\"&.\", 9, 8, 21, 8, 51]": {
            "[:then, 10, 8, 21, 8, 51]": 1,
            "[:else, 11, 8, 21, 8, 51]": 11
          },
          "[:if, 12, 11, 4, 41, 7]": {
            "[:then, 13, 12, 6, 34, 9]": 9,
            "[:else, 14, 36, 6, 40, 28]": 3
          },
          "[:if, 15, 16, 6, 34, 9]": {
            "[:then, 16, 17, 8, 20, 26]": 1,
            "[:else, 17, 22, 8, 33, 34]": 8
          },
          "[:if, 18, 52, 4, 61, 7]": {
            "[:then, 19, 53, 6, 60, 9]": 4,
            "[:else, 20, 52, 4, 61, 7]": 4
          },
          "[:if, 21, 54, 6, 60, 9]": {
            "[:then, 22, 55, 8, 56, 45]": 3,
            "[:else, 23, 58, 8, 59, 34]": 1
          },
          "[:if, 24, 65, 4, 81, 7]": {
            "[:then, 25, 67, 6, 80, 26]": 7,
            "[:else, 26, 65, 4, 81, 7]": 1
          },
          "[:if, 27, 68, 6, 73, 9]": {
            "[:then, 28, 69, 8, 69, 38]": 0,
            "[:else, 29, 71, 8, 72, 74]": 7
          },
          "[:if, 30, 72, 8, 72, 74]": {
            "[:then, 31, 72, 8, 72, 42]": 7,
            "[:else, 32, 72, 8, 72, 74]": 0
          },
          "[:if, 33, 76, 19, 76, 67]": {
            "[:then, 34, 76, 47, 76, 55]": 0,
            "[:else, 35, 76, 58, 76, 67]": 7
          },
          "[:\"&.\", 36, 85, 12, 85, 33]": {
            "[:then, 37, 85, 12, 85, 33]": 2,
            "[:else, 38, 85, 12, 85, 33]": 0
          },
          "[:if, 39, 87, 4, 90, 7]": {
            "[:then, 40, 88, 6, 89, 12]": 1,
            "[:else, 41, 87, 4, 90, 7]": 1
          },
          "[:if, 42, 114, 4, 137, 7]": {
            "[:then, 43, 115, 6, 136, 9]": 3,
            "[:else, 44, 114, 4, 137, 7]": 0
          },
          "[:\"&.\", 45, 116, 9, 116, 34]": {
            "[:then, 46, 116, 9, 116, 34]": 0,
            "[:else, 47, 116, 9, 116, 34]": 3
          },
          "[:\"&.\", 48, 116, 9, 116, 43]": {
            "[:then, 49, 116, 9, 116, 43]": 0,
            "[:else, 50, 116, 9, 116, 43]": 3
          },
          "[:if, 51, 116, 6, 136, 9]": {
            "[:then, 52, 117, 8, 135, 68]": 0,
            "[:else, 53, 116, 6, 136, 9]": 3
          },
          "[:\"&.\", 54, 119, 49, 119, 66]": {
            "[:then, 55, 119, 49, 119, 66]": 0,
            "[:else, 56, 119, 49, 119, 66]": 0
          },
          "[:unless, 57, 124, 10, 124, 35]": {
            "[:else, 58, 124, 10, 124, 35]": 0,
            "[:then, 59, 124, 10, 124, 14]": 0
          },
          "[:if, 60, 126, 10, 130, 13]": {
            "[:then, 61, 127, 12, 127, 52]": 0,
            "[:else, 62, 128, 10, 130, 13]": 0
          },
          "[:if, 63, 128, 10, 130, 13]": {
            "[:then, 64, 129, 12, 129, 60]": 0,
            "[:else, 65, 128, 10, 130, 13]": 0
          },
          "[:if, 66, 135, 8, 135, 68]": {
            "[:then, 67, 135, 8, 135, 43]": 0,
            "[:else, 68, 135, 8, 135, 68]": 0
          },
          "[:if, 69, 140, 4, 145, 7]": {
            "[:then, 70, 141, 6, 142, 41]": 0,
            "[:else, 71, 144, 6, 144, 93]": 0
          },
          "[:if, 72, 148, 4, 155, 7]": {
            "[:then, 73, 149, 6, 152, 46]": 0,
            "[:else, 74, 154, 6, 154, 97]": 0
          },
          "[:if, 75, 162, 4, 170, 7]": {
            "[:then, 76, 163, 6, 169, 9]": 1,
            "[:else, 77, 162, 4, 170, 7]": 7
          },
          "[:if, 78, 164, 6, 169, 9]": {
            "[:then, 79, 165, 8, 168, 11]": 1,
            "[:else, 80, 164, 6, 169, 9]": 0
          },
          "[:if, 81, 173, 4, 185, 7]": {
            "[:then, 82, 174, 6, 184, 9]": 1,
            "[:else, 83, 173, 4, 185, 7]": 7
          },
          "[:unless, 84, 176, 8, 176, 38]": {
            "[:else, 85, 176, 8, 176, 38]": 1,
            "[:then, 86, 176, 8, 176, 18]": 0
          },
          "[:unless, 87, 182, 8, 182, 30]": {
            "[:else, 88, 182, 8, 182, 30]": 1,
            "[:then, 89, 182, 8, 182, 18]": 0
          },
          "[:case, 90, 191, 4, 211, 7]": {
            "[:when, 91, 193, 6, 193, 52]": 6,
            "[:when, 92, 195, 6, 195, 54]": 1,
            "[:when, 93, 197, 6, 208, 17]": 1,
            "[:else, 94, 210, 6, 210, 12]": 0
          },
          "[:if, 95, 199, 8, 207, 11]": {
            "[:then, 96, 200, 10, 204, 13]": 1,
            "[:else, 97, 206, 10, 206, 30]": 0
          },
          "[:unless, 98, 215, 4, 215, 36]": {
            "[:else, 99, 215, 4, 215, 36]": 4,
            "[:then, 100, 215, 4, 215, 15]": 0
          },
          "[:unless, 101, 227, 4, 227, 36]": {
            "[:else, 102, 227, 4, 227, 36]": 3,
            "[:then, 103, 227, 4, 227, 10]": 0
          },
          "[:if, 104, 230, 4, 236, 7]": {
            "[:then, 105, 231, 6, 235, 9]": 3,
            "[:else, 106, 230, 4, 236, 7]": 0
          },
          "[:if, 107, 239, 4, 275, 7]": {
            "[:then, 108, 240, 6, 274, 9]": 3,
            "[:else, 109, 239, 4, 275, 7]": 0
          },
          "[:if, 110, 243, 6, 257, 9]": {
            "[:then, 111, 244, 8, 256, 11]": 3,
            "[:else, 112, 243, 6, 257, 9]": 0
          },
          "[:if, 113, 260, 6, 274, 9]": {
            "[:then, 114, 261, 8, 273, 11]": 3,
            "[:else, 115, 260, 6, 274, 9]": 0
          }
        }
      },
      "/home/saswat/csce606/CSCE606_Fall2025_Project3_Group6/app/controllers/application_controller.rb": {
        "lines": [
          1,
          null,
          1,
          1,
          1,
          null,
          1,
          null,
          null,
          null,
          1,
          0,
          null,
          null,
          1,
          0,
          null,
          null,
          1,
          0,
          0,
          null,
          null
        ],
        "branches": {}
      },
      "/home/saswat/csce606/CSCE606_Fall2025_Project3_Group6/app/mailers/devise_mailer.rb": {
        "lines": [
          1,
          null
        ],
        "branches": {}
      },
      "/home/saswat/csce606/CSCE606_Fall2025_Project3_Group6/app/mailers/application_mailer.rb": {
        "lines": [
          1,
          1,
          1,
          null,
          null,
          1,
          null,
          null,
          1,
          null
        ],
        "branches": {}
      },
      "/home/saswat/csce606/CSCE606_Fall2025_Project3_Group6/app/models/achievement.rb": {
        "lines": [
          1,
          null
        ],
        "branches": {}
      },
      "/home/saswat/csce606/CSCE606_Fall2025_Project3_Group6/app/models/application_record.rb": {
        "lines": [
          1,
          1,
          null
        ],
        "branches": {}
      },
      "/home/saswat/csce606/CSCE606_Fall2025_Project3_Group6/app/models/email_preference.rb": {
        "lines": [
          1,
          1,
          null
        ],
        "branches": {}
      },
      "/home/saswat/csce606/CSCE606_Fall2025_Project3_Group6/app/models/follow.rb": {
        "lines": [
          1,
          1,
          1,
          null,
          1,
          null
        ],
        "branches": {}
      },
      "/home/saswat/csce606/CSCE606_Fall2025_Project3_Group6/app/models/genre.rb": {
        "lines": [
          1,
          1,
          1,
          null,
          1,
          11,
          null,
          1,
          7,
          5,
          null,
          null,
          null
        ],
        "branches": {}
      },
      "/home/saswat/csce606/CSCE606_Fall2025_Project3_Group6/app/models/list_item.rb": {
        "lines": [
          1,
          1,
          1,
          null,
          1,
          null
        ],
        "branches": {}
      },
      "/home/saswat/csce606/CSCE606_Fall2025_Project3_Group6/app/models/list.rb": {
        "lines": [
          1,
          1,
          1,
          1,
          null,
          1,
          1,
          null
        ],
        "branches": {}
      },
      "/home/saswat/csce606/CSCE606_Fall2025_Project3_Group6/app/models/log.rb": {
        "lines": [
          1,
          1,
          1,
          null,
          1,
          1,
          null
        ],
        "branches": {}
      },
      "/home/saswat/csce606/CSCE606_Fall2025_Project3_Group6/app/models/log_tag.rb": {
        "lines": [
          1,
          1,
          1,
          null
        ],
        "branches": {}
      },
      "/home/saswat/csce606/CSCE606_Fall2025_Project3_Group6/app/models/movie_genre.rb": {
        "lines": [
          1,
          1,
          1,
          null
        ],
        "branches": {}
      },
      "/home/saswat/csce606/CSCE606_Fall2025_Project3_Group6/app/models/movie_person.rb": {
        "lines": [
          1,
          1,
          1,
          null
        ],
        "branches": {}
      },
      "/home/saswat/csce606/CSCE606_Fall2025_Project3_Group6/app/models/movie.rb": {
        "lines": [
          1,
          1,
          1,
          1,
          1,
          1,
          1,
          1,
          null,
          1,
          null,
          3,
          3,
          null,
          1,
          38,
          null,
          null,
          1,
          25,
          null,
          24,
          24,
          null,
          null,
          null,
          null,
          null,
          null,
          null,
          null,
          24,
          24,
          null,
          null,
          1,
          11,
          null,
          null,
          1,
          6,
          5,
          null,
          null,
          1,
          2,
          2,
          null,
          null,
          1,
          7,
          null,
          null
        ],
        "branches": {
          "[:if, 0, 20, 4, 20, 34]": {
            "[:then, 1, 20, 4, 20, 14]": 1,
            "[:else, 2, 20, 4, 20, 34]": 24
          },
          "[:unless, 3, 41, 4, 41, 34]": {
            "[:else, 4, 41, 4, 41, 34]": 5,
            "[:then, 5, 41, 4, 41, 14]": 1
          },
          "[:unless, 6, 46, 4, 46, 34]": {
            "[:else, 7, 46, 4, 46, 34]": 2,
            "[:then, 8, 46, 4, 46, 14]": 0
          }
        }
      },
      "/home/saswat/csce606/CSCE606_Fall2025_Project3_Group6/app/models/notification.rb": {
        "lines": [
          1,
          1,
          null
        ],
        "branches": {}
      },
      "/home/saswat/csce606/CSCE606_Fall2025_Project3_Group6/app/models/person.rb": {
        "lines": [
          1,
          1,
          1,
          null,
          1,
          1,
          null,
          1,
          9,
          8,
          8,
          null,
          null,
          null,
          1,
          3,
          null,
          null
        ],
        "branches": {}
      },
      "/home/saswat/csce606/CSCE606_Fall2025_Project3_Group6/app/models/review.rb": {
        "lines": [
          1,
          1,
          1,
          1,
          null,
          1,
          1,
          1,
          null,
          6,
          8,
          null,
          1,
          2,
          null,
          null,
          1,
          5,
          null,
          null
        ],
        "branches": {}
      },
      "/home/saswat/csce606/CSCE606_Fall2025_Project3_Group6/app/models/tag.rb": {
        "lines": [
          1,
          null
        ],
        "branches": {}
      },
      "/home/saswat/csce606/CSCE606_Fall2025_Project3_Group6/app/models/user_achievement.rb": {
        "lines": [
          1,
          1,
          1,
          null
        ],
        "branches": {}
      },
      "/home/saswat/csce606/CSCE606_Fall2025_Project3_Group6/app/models/user.rb": {
        "lines": [
          1,
          1,
          null,
          null,
          null,
          null,
          null,
          null,
          1,
          1,
          null,
          null,
          1,
          1,
          1,
          1,
          null,
          null,
          1,
          1,
          null,
          null,
          1,
          1,
          null,
          null,
          1,
          null,
          null,
          null,
          null,
          1,
          null,
          1,
          null,
          null,
          null,
          null,
          null,
          null,
          null,
          null,
          null,
          null,
          null,
          1,
          2,
          null,
          null,
          1,
          0,
          null,
          null,
          1,
          null,
          1,
          86,
          null,
          81,
          null,
          81,
          1,
          null,
          null,
          null,
          null
        ],
        "branches": {
          "[:if, 0, 57, 4, 57, 29]": {
            "[:then, 1, 57, 4, 57, 10]": 5,
            "[:else, 2, 57, 4, 57, 29]": 81
          },
          "[:unless, 3, 61, 4, 64, 7]": {
            "[:else, 4, 61, 4, 64, 7]": 80,
            "[:then, 5, 62, 6, 63, 138]": 1
          }
        }
      },
      "/home/saswat/csce606/CSCE606_Fall2025_Project3_Group6/app/models/user_stat.rb": {
        "lines": [
          1,
          1,
          null
        ],
        "branches": {}
      },
      "/home/saswat/csce606/CSCE606_Fall2025_Project3_Group6/app/models/vote.rb": {
        "lines": [
          1,
          1,
          1,
          null,
          1,
          1,
          null,
          1,
          null,
          1,
          null,
          1,
          5,
          null,
          null
        ],
        "branches": {}
      },
      "/home/saswat/csce606/CSCE606_Fall2025_Project3_Group6/app/models/watch_history.rb": {
        "lines": [
          1,
          1,
          1,
          null,
          1,
          null
        ],
        "branches": {}
      },
      "/home/saswat/csce606/CSCE606_Fall2025_Project3_Group6/app/models/watch_log.rb": {
        "lines": [
          1,
          1,
          1,
          null,
          1,
          null,
          1,
          1,
          null,
          1,
          1,
          1,
          null,
          1,
          16,
          15,
          1,
          null,
          null,
          null,
          1,
          null,
          1,
          16,
          16,
          null,
          null,
          null,
          null,
          null,
          1,
          12,
          null,
          12,
          null,
          12,
          12,
          null,
          12,
          null,
          0,
          0,
          0,
          0,
          null,
          0,
          null,
          null,
          1,
          1,
          null,
          1,
          1,
          null,
          0,
          null,
          null
        ],
        "branches": {
          "[:if, 0, 15, 4, 15, 31]": {
            "[:then, 1, 15, 4, 15, 10]": 1,
            "[:else, 2, 15, 4, 15, 31]": 15
          },
          "[:if, 3, 16, 4, 18, 7]": {
            "[:then, 4, 17, 6, 17, 55]": 1,
            "[:else, 5, 16, 4, 18, 7]": 14
          },
          "[:if, 6, 24, 4, 26, 7]": {
            "[:then, 7, 25, 6, 25, 47]": 16,
            "[:else, 8, 24, 4, 26, 7]": 0
          },
          "[:unless, 9, 32, 4, 32, 51]": {
            "[:else, 10, 32, 4, 32, 51]": 12,
            "[:then, 11, 32, 4, 32, 10]": 0
          },
          "[:if, 12, 36, 4, 38, 7]": {
            "[:then, 13, 37, 6, 37, 119]": 12,
            "[:else, 14, 36, 4, 38, 7]": 0
          },
          "[:unless, 15, 39, 4, 39, 30]": {
            "[:else, 16, 39, 4, 39, 30]": 0,
            "[:then, 17, 39, 4, 39, 10]": 12
          },
          "[:if, 18, 43, 4, 43, 43]": {
            "[:then, 19, 43, 4, 43, 23]": 0,
            "[:else, 20, 43, 4, 43, 43]": 0
          },
          "[:unless, 21, 50, 4, 50, 51]": {
            "[:else, 22, 50, 4, 50, 51]": 1,
            "[:then, 23, 50, 4, 50, 10]": 0
          },
          "[:\"&.\", 24, 53, 4, 53, 16]": {
            "[:then, 25, 53, 4, 53, 16]": 0,
            "[:else, 26, 53, 4, 53, 16]": 1
          }
        }
      },
      "/home/saswat/csce606/CSCE606_Fall2025_Project3_Group6/app/models/watchlist_item.rb": {
        "lines": [
          1,
          1,
          1,
          null
        ],
        "branches": {}
      },
      "/home/saswat/csce606/CSCE606_Fall2025_Project3_Group6/app/models/watchlist.rb": {
        "lines": [
          1,
          1,
          1,
          1,
          null
        ],
        "branches": {}
      },
      "/home/saswat/csce606/CSCE606_Fall2025_Project3_Group6/app/services/tmdb_service.rb": {
        "lines": [
          1,
          1,
          1,
          null,
          1,
          16,
          16,
          16,
          16,
          16,
          null,
          null,
          null,
          1,
          4,
          null,
          2,
          2,
          null,
          2,
          null,
          null,
          2,
          null,
          null,
          null,
          null,
          null,
          2,
          null,
          1,
          1,
          null,
          null,
          1,
          null,
          null,
          null,
          null,
          null,
          null,
          1,
          1,
          1,
          1,
          null,
          0,
          null,
          null,
          null,
          0,
          0,
          null,
          0,
          null,
          0,
          null,
          null,
          null,
          1,
          3,
          null,
          1,
          1,
          null,
          1,
          null,
          null,
          1,
          null,
          null,
          null,
          null,
          1,
          1,
          1,
          1,
          null,
          0,
          null,
          null,
          0,
          null,
          null,
          null,
          1,
          2,
          null,
          1,
          1,
          null,
          1,
          null,
          null,
          1,
          null,
          null,
          null,
          null,
          null,
          1,
          1,
          1,
          1,
          null,
          0,
          null,
          null,
          0,
          null,
          null,
          null,
          1,
          0,
          0,
          null,
          null,
          0,
          null,
          null,
          null,
          null,
          null,
          0,
          0,
          0,
          null,
          null,
          0,
          0,
          0,
          0,
          null,
          0,
          null,
          null,
          0,
          null,
          0,
          null,
          null,
          null,
          1,
          0,
          0,
          null,
          null,
          0,
          null,
          null,
          null,
          null,
          null,
          0,
          0,
          0,
          null,
          null,
          0,
          0,
          0,
          0,
          null,
          0,
          null,
          null,
          0,
          null,
          0,
          null,
          null,
          null,
          1,
          1,
          1,
          null,
          1,
          null,
          null,
          1,
          null,
          1,
          1,
          1,
          1,
          null,
          0,
          null,
          null,
          0,
          null,
          null,
          null,
          1,
          20,
          16,
          null,
          null,
          1,
          null,
          1,
          5,
          0,
          null,
          null,
          5,
          null,
          5,
          null,
          null,
          null,
          5,
          15,
          11,
          null,
          null,
          5,
          null,
          null
        ],
        "branches": {
          "[:if, 0, 15, 4, 15, 76]": {
            "[:then, 1, 15, 4, 15, 60]": 2,
            "[:else, 2, 15, 4, 15, 76]": 2
          },
          "[:if, 3, 20, 4, 20, 36]": {
            "[:then, 4, 20, 4, 20, 17]": 0,
            "[:else, 5, 20, 4, 20, 36]": 2
          },
          "[:if, 6, 52, 6, 52, 48]": {
            "[:then, 7, 52, 6, 52, 24]": 0,
            "[:else, 8, 52, 6, 52, 48]": 0
          },
          "[:if, 9, 29, 6, 40, 9]": {
            "[:then, 10, 31, 8, 39, 9]": 1,
            "[:else, 11, 29, 6, 40, 9]": 1
          },
          "[:if, 12, 32, 8, 32, 50]": {
            "[:then, 13, 32, 8, 32, 26]": 0,
            "[:else, 14, 32, 8, 32, 50]": 1
          },
          "[:if, 15, 42, 6, 48, 9]": {
            "[:then, 16, 43, 8, 45, 12]": 1,
            "[:else, 17, 47, 8, 47, 86]": 0
          },
          "[:if, 18, 61, 4, 61, 32]": {
            "[:then, 19, 61, 4, 61, 14]": 2,
            "[:else, 20, 61, 4, 61, 32]": 1
          },
          "[:if, 21, 66, 4, 66, 36]": {
            "[:then, 22, 66, 4, 66, 17]": 0,
            "[:else, 23, 66, 4, 66, 36]": 1
          },
          "[:if, 24, 74, 6, 80, 9]": {
            "[:then, 25, 75, 8, 77, 12]": 1,
            "[:else, 26, 79, 8, 79, 11]": 0
          },
          "[:if, 27, 87, 4, 87, 60]": {
            "[:then, 28, 87, 4, 87, 42]": 1,
            "[:else, 29, 87, 4, 87, 60]": 1
          },
          "[:if, 30, 92, 4, 92, 36]": {
            "[:then, 31, 92, 4, 92, 17]": 0,
            "[:else, 32, 92, 4, 92, 36]": 1
          },
          "[:if, 33, 101, 6, 107, 9]": {
            "[:then, 34, 102, 8, 104, 12]": 1,
            "[:else, 35, 106, 8, 106, 68]": 0
          },
          "[:if, 36, 124, 6, 127, 9]": {
            "[:then, 37, 125, 8, 126, 101]": 0,
            "[:else, 38, 124, 6, 127, 9]": 0
          },
          "[:if, 39, 125, 8, 125, 40]": {
            "[:then, 40, 125, 8, 125, 21]": 0,
            "[:else, 41, 125, 8, 125, 40]": 0
          },
          "[:if, 42, 129, 6, 135, 9]": {
            "[:then, 43, 130, 8, 132, 12]": 0,
            "[:else, 44, 134, 8, 134, 100]": 0
          },
          "[:if, 45, 154, 6, 157, 9]": {
            "[:then, 46, 155, 8, 156, 101]": 0,
            "[:else, 47, 154, 6, 157, 9]": 0
          },
          "[:if, 48, 155, 8, 155, 40]": {
            "[:then, 49, 155, 8, 155, 21]": 0,
            "[:else, 50, 155, 8, 155, 40]": 0
          },
          "[:if, 51, 159, 6, 165, 9]": {
            "[:then, 52, 160, 8, 162, 12]": 0,
            "[:else, 53, 164, 8, 164, 101]": 0
          },
          "[:if, 54, 177, 4, 177, 36]": {
            "[:then, 55, 177, 4, 177, 17]": 0,
            "[:else, 56, 177, 4, 177, 36]": 1
          },
          "[:if, 57, 182, 6, 188, 9]": {
            "[:then, 58, 183, 8, 185, 12]": 1,
            "[:else, 59, 187, 8, 187, 22]": 0
          },
          "[:if, 60, 195, 4, 195, 36]": {
            "[:then, 61, 195, 4, 195, 14]": 4,
            "[:else, 62, 195, 4, 195, 36]": 16
          },
          "[:if, 63, 202, 4, 204, 7]": {
            "[:then, 64, 203, 6, 203, 49]": 0,
            "[:else, 65, 202, 4, 204, 7]": 5
          }
        }
      },
      "/home/saswat/csce606/CSCE606_Fall2025_Project3_Group6/app/controllers/watch_histories_controller.rb": {
        "lines": [
          1,
          1,
          null,
          1,
          5,
          null,
          null,
          5,
          null,
          null,
          5,
          1,
          null,
          1,
          null,
          null,
          null,
          5,
          null,
          1,
          1,
          null,
          null,
          null,
          null,
          null,
          5,
          null,
          1,
          1,
          null,
          null,
          null,
          null,
          null,
          null,
          5,
          null,
          1,
          null,
          0,
          null,
          1,
          null,
          0,
          null,
          null,
          3,
          null,
          null,
          5,
          null,
          null,
          1,
          4,
          null,
          4,
          2,
          2,
          2,
          2,
          null,
          2,
          null,
          2,
          null,
          null,
          4,
          1,
          null,
          null,
          3,
          3,
          3,
          null,
          3,
          null,
          3,
          3,
          null,
          3,
          3,
          3,
          3,
          null,
          0,
          null,
          null,
          null,
          1,
          1,
          1,
          1,
          1,
          1,
          null,
          0,
          null,
          null,
          null
        ],
        "branches": {
          "[:if, 0, 11, 4, 15, 7]": {
            "[:then, 1, 12, 6, 14, 72]": 1,
            "[:else, 2, 11, 4, 15, 7]": 4
          },
          "[:if, 3, 18, 4, 25, 7]": {
            "[:then, 4, 19, 6, 24, 9]": 1,
            "[:else, 5, 18, 4, 25, 7]": 4
          },
          "[:if, 6, 27, 4, 34, 7]": {
            "[:then, 7, 28, 6, 33, 9]": 1,
            "[:else, 8, 27, 4, 34, 7]": 4
          },
          "[:case, 9, 37, 4, 49, 7]": {
            "[:when, 10, 39, 6, 39, 41]": 1,
            "[:when, 11, 41, 6, 41, 42]": 0,
            "[:when, 12, 43, 6, 43, 57]": 1,
            "[:when, 13, 45, 6, 45, 58]": 0,
            "[:else, 14, 48, 6, 48, 42]": 3
          },
          "[:if, 15, 57, 4, 66, 7]": {
            "[:then, 16, 58, 6, 62, 9]": 2,
            "[:else, 17, 63, 4, 66, 7]": 2
          },
          "[:if, 18, 59, 6, 62, 9]": {
            "[:then, 19, 60, 8, 61, 60]": 2,
            "[:else, 20, 59, 6, 62, 9]": 0
          },
          "[:if, 21, 61, 8, 61, 60]": {
            "[:then, 22, 61, 8, 61, 52]": 1,
            "[:else, 23, 61, 8, 61, 60]": 1
          },
          "[:if, 24, 63, 4, 66, 7]": {
            "[:then, 25, 65, 6, 65, 95]": 2,
            "[:else, 26, 63, 4, 66, 7]": 0
          },
          "[:unless, 27, 68, 4, 70, 7]": {
            "[:else, 28, 68, 4, 70, 7]": 3,
            "[:then, 29, 69, 6, 69, 85]": 1
          },
          "[:if, 30, 74, 4, 74, 98]": {
            "[:then, 31, 74, 4, 74, 36]": 0,
            "[:else, 32, 74, 4, 74, 98]": 3
          },
          "[:if, 33, 79, 4, 79, 61]": {
            "[:then, 34, 79, 4, 79, 45]": 0,
            "[:else, 35, 79, 4, 79, 61]": 3
          },
          "[:if, 36, 81, 4, 87, 7]": {
            "[:then, 37, 82, 6, 84, 76]": 3,
            "[:else, 38, 86, 6, 86, 108]": 0
          },
          "[:if, 39, 83, 6, 83, 66]": {
            "[:then, 40, 83, 6, 83, 50]": 0,
            "[:else, 41, 83, 6, 83, 66]": 3
          },
          "[:\"&.\", 42, 92, 17, 92, 42]": {
            "[:then, 43, 92, 17, 92, 42]": 1,
            "[:else, 44, 92, 17, 92, 42]": 0
          },
          "[:\"&.\", 45, 92, 17, 92, 68]": {
            "[:then, 46, 92, 17, 92, 68]": 1,
            "[:else, 47, 92, 17, 92, 68]": 0
          },
          "[:if, 48, 93, 4, 98, 7]": {
            "[:then, 49, 94, 6, 95, 76]": 1,
            "[:else, 50, 97, 6, 97, 78]": 0
          }
        }
      },
      "/home/saswat/csce606/CSCE606_Fall2025_Project3_Group6/app/controllers/home_controller.rb": {
        "lines": [
          1,
          1,
          null,
          1,
          1,
          0,
          null,
          null,
          0,
          0,
          0,
          null,
          0,
          null,
          null,
          null,
          1,
          null,
          null
        ],
        "branches": {
          "[:if, 0, 5, 4, 14, 7]": {
            "[:then, 1, 6, 6, 13, 61]": 0,
            "[:else, 2, 5, 4, 14, 7]": 1
          }
        }
      },
      "/home/saswat/csce606/CSCE606_Fall2025_Project3_Group6/app/controllers/users/registrations_controller.rb": {
        "lines": [
          1,
          1,
          null,
          1,
          null,
          null,
          1,
          3,
          null,
          null,
          1,
          3,
          null,
          null,
          1,
          null,
          1,
          6,
          6,
          null,
          null
        ],
        "branches": {}
      },
      "/home/saswat/csce606/CSCE606_Fall2025_Project3_Group6/app/controllers/reviews_controller.rb": {
        "lines": [
          1,
          1,
          1,
          1,
          1,
          null,
          1,
          1,
          null,
          null,
          1,
          2,
          2,
          null,
          2,
          1,
          null,
          1,
          null,
          null,
          null,
          1,
          null,
          null,
          1,
          2,
          1,
          null,
          1,
          null,
          null,
          null,
          1,
          1,
          1,
          null,
          null,
          1,
          3,
          3,
          null,
          3,
          2,
          1,
          null,
          1,
          null,
          null,
          1,
          null,
          null,
          3,
          null,
          null,
          1,
          2,
          1,
          null,
          1,
          1,
          null,
          null,
          null,
          1,
          null,
          1,
          7,
          null,
          null,
          1,
          10,
          null,
          null,
          1,
          5,
          1,
          null,
          null,
          null,
          1,
          4,
          null,
          null
        ],
        "branches": {
          "[:if, 0, 15, 4, 19, 7]": {
            "[:then, 1, 16, 6, 16, 80]": 1,
            "[:else, 2, 18, 6, 18, 85]": 1
          },
          "[:if, 3, 26, 4, 30, 7]": {
            "[:then, 4, 27, 6, 27, 80]": 1,
            "[:else, 5, 29, 6, 29, 49]": 1
          },
          "[:if, 6, 42, 4, 50, 7]": {
            "[:then, 7, 43, 6, 47, 9]": 2,
            "[:else, 8, 49, 6, 49, 60]": 1
          },
          "[:if, 9, 43, 6, 47, 9]": {
            "[:then, 10, 44, 8, 44, 29]": 1,
            "[:else, 11, 46, 8, 46, 42]": 1
          },
          "[:if, 12, 56, 4, 61, 7]": {
            "[:then, 13, 57, 6, 57, 98]": 1,
            "[:else, 14, 59, 6, 60, 100]": 1
          },
          "[:unless, 15, 75, 4, 77, 7]": {
            "[:else, 16, 75, 4, 77, 7]": 4,
            "[:then, 17, 76, 6, 76, 84]": 1
          }
        }
      },
      "/home/saswat/csce606/CSCE606_Fall2025_Project3_Group6/app/controllers/users_controller.rb": {
        "lines": [
          1,
          1,
          null,
          1,
          4,
          0,
          4,
          2,
          null,
          2,
          2,
          null,
          null,
          2,
          0,
          0,
          null,
          null,
          2,
          2,
          null,
          2,
          2,
          null,
          0,
          null,
          null,
          null,
          1,
          4,
          null,
          null,
          4,
          2,
          2,
          null,
          null,
          2,
          2,
          null,
          2,
          0,
          null,
          2,
          null,
          null,
          2,
          null,
          null,
          1,
          2,
          null,
          null,
          1,
          4,
          4,
          2,
          null,
          2,
          null,
          null,
          null,
          1,
          null,
          1,
          4,
          null,
          null
        ],
        "branches": {
          "[:if, 0, 5, 4, 12, 7]": {
            "[:then, 1, 6, 6, 6, 36]": 0,
            "[:else, 2, 7, 4, 12, 7]": 4
          },
          "[:if, 3, 7, 4, 12, 7]": {
            "[:then, 4, 8, 6, 8, 26]": 2,
            "[:else, 5, 10, 6, 11, 12]": 2
          },
          "[:if, 6, 14, 4, 17, 7]": {
            "[:then, 7, 15, 6, 16, 12]": 0,
            "[:else, 8, 14, 4, 17, 7]": 2
          },
          "[:if, 9, 19, 4, 19, 61]": {
            "[:then, 10, 19, 4, 19, 28]": 2,
            "[:else, 11, 19, 4, 19, 61]": 0
          },
          "[:if, 12, 22, 4, 26, 7]": {
            "[:then, 13, 23, 6, 23, 26]": 2,
            "[:else, 14, 25, 6, 25, 46]": 0
          },
          "[:if, 15, 33, 4, 36, 7]": {
            "[:then, 16, 34, 6, 35, 12]": 2,
            "[:else, 17, 33, 4, 36, 7]": 2
          },
          "[:if, 18, 38, 4, 38, 61]": {
            "[:then, 19, 38, 4, 38, 28]": 2,
            "[:else, 20, 38, 4, 38, 61]": 0
          },
          "[:if, 21, 41, 4, 45, 7]": {
            "[:then, 22, 42, 6, 42, 26]": 0,
            "[:else, 23, 44, 6, 44, 46]": 2
          },
          "[:if, 24, 56, 4, 60, 7]": {
            "[:then, 25, 57, 6, 57, 58]": 2,
            "[:else, 26, 59, 6, 59, 18]": 2
          }
        }
      },
      "/home/saswat/csce606/CSCE606_Fall2025_Project3_Group6/app/controllers/watchlist_items_controller.rb": {
        "lines": [
          1,
          1,
          null,
          1,
          3,
          null,
          null,
          3,
          null,
          3,
          1,
          null,
          null,
          2,
          2,
          2,
          2,
          null,
          0,
          null,
          null,
          null,
          1,
          2,
          2,
          1,
          1,
          null,
          1,
          1,
          null,
          0,
          null,
          null,
          1,
          null,
          null,
          null,
          null,
          1,
          2,
          2,
          2,
          1,
          null,
          null,
          1,
          1,
          1,
          1,
          null,
          0,
          null,
          null,
          null,
          1,
          null,
          1,
          5,
          null,
          null,
          3,
          3,
          null,
          null,
          2,
          2,
          null,
          null,
          2,
          2,
          null,
          2,
          null,
          null
        ],
        "branches": {
          "[:unless, 0, 10, 4, 12, 7]": {
            "[:else, 1, 10, 4, 12, 7]": 2,
            "[:then, 2, 11, 6, 11, 93]": 1
          },
          "[:if, 3, 15, 4, 20, 7]": {
            "[:then, 4, 16, 6, 17, 84]": 2,
            "[:else, 5, 19, 6, 19, 86]": 0
          },
          "[:\"&.\", 6, 24, 11, 24, 50]": {
            "[:then, 7, 24, 11, 24, 50]": 1,
            "[:else, 8, 24, 11, 24, 50]": 1
          },
          "[:\"&.\", 9, 24, 11, 24, 76]": {
            "[:then, 10, 24, 11, 24, 76]": 1,
            "[:else, 11, 24, 11, 24, 76]": 1
          },
          "[:if, 12, 25, 4, 36, 7]": {
            "[:then, 13, 26, 6, 33, 9]": 1,
            "[:else, 14, 35, 6, 35, 79]": 1
          },
          "[:if, 15, 27, 6, 33, 9]": {
            "[:then, 16, 29, 8, 30, 106]": 1,
            "[:else, 17, 32, 8, 32, 88]": 0
          },
          "[:unless, 18, 43, 4, 45, 7]": {
            "[:else, 19, 43, 4, 45, 7]": 1,
            "[:then, 20, 44, 6, 44, 99]": 1
          },
          "[:if, 21, 48, 4, 53, 7]": {
            "[:then, 22, 49, 6, 50, 93]": 1,
            "[:else, 23, 52, 6, 52, 92]": 0
          },
          "[:if, 24, 59, 4, 59, 33]": {
            "[:then, 25, 59, 4, 59, 14]": 2,
            "[:else, 26, 59, 4, 59, 33]": 3
          },
          "[:if, 27, 63, 4, 63, 25]": {
            "[:then, 28, 63, 4, 63, 16]": 1,
            "[:else, 29, 63, 4, 63, 25]": 2
          },
          "[:if, 30, 67, 4, 67, 25]": {
            "[:then, 31, 67, 4, 67, 16]": 0,
            "[:else, 32, 67, 4, 67, 25]": 2
          },
          "[:unless, 33, 71, 4, 71, 26]": {
            "[:else, 34, 71, 4, 71, 26]": 2,
            "[:then, 35, 71, 4, 71, 14]": 0
          }
        }
      },
      "/home/saswat/csce606/CSCE606_Fall2025_Project3_Group6/app/controllers/follows_controller.rb": {
        "lines": [
          0,
          0,
          0,
          null,
          0,
          0,
          0,
          0,
          null,
          0,
          0,
          0,
          0,
          null,
          0,
          null,
          0,
          0,
          0,
          0
        ],
        "branches": {}
      },
      "/home/saswat/csce606/CSCE606_Fall2025_Project3_Group6/app/controllers/list_items_controller.rb": {
        "lines": [
          0,
          0,
          null,
          0,
          0,
          0,
          0,
          null,
          0,
          0,
          0,
          null,
          0,
          null,
          0,
          0,
          0,
          0,
          0,
          0,
          null,
          0,
          0,
          0,
          0,
          0,
          0,
          0,
          0,
          0,
          0
        ],
        "branches": {}
      },
      "/home/saswat/csce606/CSCE606_Fall2025_Project3_Group6/app/controllers/lists_controller.rb": {
        "lines": [
          0,
          0,
          0,
          0,
          null,
          0,
          0,
          0,
          null,
          0,
          0,
          0,
          0,
          0,
          null,
          0,
          0,
          0,
          null,
          0,
          0,
          0,
          0,
          0,
          0,
          0,
          0,
          null,
          0,
          0,
          null,
          0,
          0,
          0,
          0,
          0,
          0,
          0,
          null,
          0,
          0,
          0,
          0,
          null,
          0,
          null,
          0,
          0,
          0,
          null,
          0,
          0,
          0,
          0,
          0,
          null,
          0,
          0,
          0,
          0
        ],
        "branches": {}
      },
      "/home/saswat/csce606/CSCE606_Fall2025_Project3_Group6/app/controllers/stats_controller.rb": {
        "lines": [
          0,
          0,
          null,
          0,
          0,
          0,
          0,
          0,
          0,
          0,
          0,
          0,
          null,
          0,
          null,
          0,
          0,
          0,
          0,
          0,
          0
        ],
        "branches": {}
      },
      "/home/saswat/csce606/CSCE606_Fall2025_Project3_Group6/app/controllers/watchlists_controller.rb": {
        "lines": [
          0,
          0,
          null,
          0,
          0,
          0,
          0,
          0
        ],
        "branches": {}
      },
      "/home/saswat/csce606/CSCE606_Fall2025_Project3_Group6/app/jobs/application_job.rb": {
        "lines": [
          0,
          null,
          null,
          null,
          null,
          null,
          0
        ],
        "branches": {}
      },
      "/home/saswat/csce606/CSCE606_Fall2025_Project3_Group6/app/services/stats_service.rb": {
        "lines": [
          0,
          0,
          0,
          0,
          null,
          0,
          0,
          0,
          0,
          0,
          0,
          0,
          0,
          0,
          0,
          0,
          0,
          0,
          0,
          0,
          0,
          0,
          0,
          0,
          0,
          null,
          0,
          0,
          0,
          0,
          0,
          0,
          0,
          0,
          null,
          0,
          0,
          0,
          0,
          0,
          0,
          0,
          null,
          0,
          0,
          0,
          0,
          0,
          0,
          null,
          0,
          0,
          0,
          0,
          0,
          0,
          null,
          null,
          null,
          0,
          0,
          0,
          0,
          null,
          0,
          0,
          null,
          0,
          0,
          0,
          0,
          0,
          0,
          0,
          null,
          0,
          null,
          0,
          null,
          0,
          0,
          0,
          null,
          0,
          0,
          0,
          0,
          null,
          0,
          null,
          null,
          0,
          0,
          0,
          null,
          0,
          0,
          null,
          0,
          0,
          0,
          0,
          0,
          null,
          0,
          0,
          null,
          0,
          0,
          null,
          0,
          0,
          0,
          0,
          0,
          null,
          0,
          0,
          0,
          0,
          null,
          0,
          0,
          null,
          null,
          0,
          null,
          null,
          0,
          0,
          0,
          0,
          0,
          null,
          0,
          0,
          0,
          0,
          null,
          0,
          0,
          null,
          null,
          0,
          null,
          null,
          0,
          0,
          0,
          0,
          0,
          null,
          0,
          0,
          0,
          0,
          null,
          0,
          0,
          0,
          null,
          0,
          null,
          0,
          0,
          0,
          0,
          0,
          0,
          null,
          null,
          0,
          0,
          0,
          0,
          0,
          0,
          0,
          null,
          0,
          0,
          null,
          0,
          0,
          0,
          null,
          null,
          0,
          0,
          0,
          0,
          0,
          0,
          null,
          0,
          0,
          0,
          0,
          null,
          0,
          0,
          0,
          0,
          0,
          null,
          0,
          0,
          0,
          0,
          0,
          0
        ],
        "branches": {}
      }
    },
    "timestamp": 1764800961
  },
  "Cucumber Features": {
    "coverage": {
      "/home/saswat/csce606/CSCE606_Fall2025_Project3_Group6/app/controllers/application_controller.rb": {
        "lines": [
          0,
          null,
          0,
          0,
          0,
          null,
          0,
          null,
          null,
          null,
          0,
          0,
          0,
          null,
          0,
          0,
          0,
          null,
          0,
          0,
          0,
          0,
          0
        ],
        "branches": {}
      },
      "/home/saswat/csce606/CSCE606_Fall2025_Project3_Group6/app/controllers/follows_controller.rb": {
        "lines": [
          0,
          0,
          0,
          null,
          0,
          0,
          0,
          0,
          null,
          0,
          0,
          0,
          0,
          null,
          0,
          null,
          0,
          0,
          0,
          0
        ],
        "branches": {}
      },
      "/home/saswat/csce606/CSCE606_Fall2025_Project3_Group6/app/controllers/home_controller.rb": {
        "lines": [
          0,
          0,
          null,
          0,
          0,
          0,
          null,
          null,
          0,
          0,
          0,
          null,
          0,
          0,
          null,
          null,
          0,
          0,
          0
        ],
        "branches": {}
      },
      "/home/saswat/csce606/CSCE606_Fall2025_Project3_Group6/app/controllers/list_items_controller.rb": {
        "lines": [
          0,
          0,
          null,
          0,
          0,
          0,
          0,
          null,
          0,
          0,
          0,
          null,
          0,
          null,
          0,
          0,
          0,
          0,
          0,
          0,
          null,
          0,
          0,
          0,
          0,
          0,
          0,
          0,
          0,
          0,
          0
        ],
        "branches": {}
      },
      "/home/saswat/csce606/CSCE606_Fall2025_Project3_Group6/app/controllers/lists_controller.rb": {
        "lines": [
          0,
          0,
          0,
          0,
          null,
          0,
          0,
          0,
          null,
          0,
          0,
          0,
          0,
          0,
          null,
          0,
          0,
          0,
          null,
          0,
          0,
          0,
          0,
          0,
          0,
          0,
          0,
          null,
          0,
          0,
          null,
          0,
          0,
          0,
          0,
          0,
          0,
          0,
          null,
          0,
          0,
          0,
          0,
          null,
          0,
          null,
          0,
          0,
          0,
          null,
          0,
          0,
          0,
          0,
          0,
          null,
          0,
          0,
          0,
          0
        ],
        "branches": {}
      },
      "/home/saswat/csce606/CSCE606_Fall2025_Project3_Group6/app/controllers/movies_controller.rb": {
        "lines": [
          0,
          0,
          null,
          0,
          0,
          0,
          0,
          0,
          0,
          null,
          0,
          0,
          null,
          0,
          null,
          0,
          0,
          0,
          0,
          0,
          0,
          0,
          0,
          0,
          0,
          null,
          null,
          0,
          null,
          0,
          null,
          null,
          0,
          0,
          0,
          0,
          0,
          0,
          0,
          0,
          0,
          null,
          null,
          0,
          0,
          0,
          null,
          0,
          0,
          null,
          null,
          0,
          0,
          0,
          0,
          0,
          0,
          0,
          0,
          0,
          0,
          null,
          0,
          null,
          0,
          null,
          0,
          0,
          0,
          0,
          0,
          0,
          0,
          null,
          null,
          0,
          0,
          null,
          null,
          0,
          0,
          0,
          null,
          0,
          0,
          null,
          0,
          0,
          0,
          0,
          null,
          0,
          0,
          0,
          null,
          0,
          null,
          0,
          0,
          0,
          null,
          0,
          0,
          0,
          0,
          0,
          0,
          0,
          0,
          0,
          null,
          0,
          null,
          0,
          0,
          0,
          0,
          0,
          0,
          0,
          null,
          0,
          0,
          0,
          0,
          0,
          0,
          0,
          0,
          0,
          0,
          null,
          0,
          0,
          0,
          0,
          0,
          null,
          0,
          0,
          0,
          0,
          0,
          0,
          0,
          null,
          0,
          0,
          0,
          0,
          0,
          0,
          0,
          0,
          0,
          0,
          null,
          0,
          0,
          null,
          null,
          0,
          0,
          0,
          0,
          0,
          0,
          0,
          0,
          0,
          null,
          null,
          0,
          0,
          0,
          0,
          0,
          0,
          0,
          0,
          0,
          0,
          0,
          0,
          0,
          null,
          0,
          0,
          null,
          0,
          0,
          0,
          0,
          0,
          0,
          0,
          0,
          0,
          0,
          0,
          0,
          0,
          0,
          0,
          0,
          0,
          0,
          0,
          0,
          0,
          0,
          0,
          null,
          0,
          0,
          null,
          0,
          0,
          null,
          0,
          0,
          0,
          0,
          0,
          null,
          0,
          0,
          null,
          null,
          0,
          0,
          0,
          0,
          0,
          0,
          0,
          null,
          null,
          0,
          0,
          null,
          null,
          0,
          0,
          0,
          0,
          0,
          0,
          0,
          0,
          0,
          0,
          0,
          0,
          0,
          0,
          0,
          null,
          null,
          0,
          0,
          0,
          0,
          0,
          0,
          0,
          0,
          0,
          0,
          0,
          0,
          0,
          0,
          0,
          0,
          0,
          0
        ],
        "branches": {}
      },
      "/home/saswat/csce606/CSCE606_Fall2025_Project3_Group6/app/controllers/reviews_controller.rb": {
        "lines": [
          0,
          0,
          0,
          0,
          0,
          null,
          0,
          0,
          0,
          null,
          0,
          0,
          0,
          null,
          0,
          0,
          0,
          0,
          0,
          0,
          null,
          0,
          0,
          null,
          0,
          0,
          0,
          0,
          0,
          0,
          0,
          null,
          0,
          0,
          0,
          0,
          null,
          0,
          0,
          0,
          null,
          0,
          0,
          0,
          0,
          0,
          0,
          0,
          0,
          0,
          null,
          0,
          0,
          null,
          0,
          0,
          0,
          0,
          0,
          0,
          0,
          0,
          null,
          0,
          null,
          0,
          0,
          0,
          null,
          0,
          0,
          0,
          null,
          0,
          0,
          0,
          0,
          0,
          null,
          0,
          0,
          0,
          0
        ],
        "branches": {}
      },
      "/home/saswat/csce606/CSCE606_Fall2025_Project3_Group6/app/controllers/stats_controller.rb": {
        "lines": [
          0,
          0,
          null,
          0,
          0,
          0,
          0,
          0,
          0,
          0,
          0,
          0,
          null,
          0,
          null,
          0,
          0,
          0,
          0,
          0,
          0
        ],
        "branches": {}
      },
      "/home/saswat/csce606/CSCE606_Fall2025_Project3_Group6/app/controllers/users/registrations_controller.rb": {
        "lines": [
          0,
          0,
          null,
          0,
          null,
          null,
          0,
          0,
          0,
          null,
          0,
          0,
          0,
          null,
          0,
          null,
          0,
          0,
          0,
          0,
          0
        ],
        "branches": {}
      },
      "/home/saswat/csce606/CSCE606_Fall2025_Project3_Group6/app/controllers/users_controller.rb": {
        "lines": [
          0,
          0,
          null,
          0,
          0,
          0,
          0,
          0,
          0,
          0,
          0,
          0,
          null,
          0,
          0,
          0,
          0,
          null,
          0,
          0,
          null,
          0,
          0,
          0,
          0,
          0,
          0,
          null,
          0,
          0,
          null,
          null,
          0,
          0,
          0,
          0,
          null,
          0,
          0,
          null,
          0,
          0,
          0,
          0,
          0,
          null,
          0,
          0,
          null,
          0,
          0,
          0,
          null,
          0,
          0,
          0,
          0,
          0,
          0,
          0,
          0,
          null,
          0,
          null,
          0,
          0,
          0,
          0
        ],
        "branches": {}
      },
      "/home/saswat/csce606/CSCE606_Fall2025_Project3_Group6/app/controllers/watch_histories_controller.rb": {
        "lines": [
          0,
          0,
          null,
          0,
          0,
          null,
          null,
          0,
          null,
          null,
          0,
          0,
          null,
          0,
          0,
          null,
          null,
          0,
          0,
          0,
          0,
          0,
          null,
          0,
          0,
          null,
          0,
          0,
          0,
          0,
          0,
          null,
          0,
          0,
          null,
          null,
          0,
          0,
          0,
          0,
          0,
          0,
          0,
          0,
          0,
          0,
          null,
          0,
          0,
          null,
          0,
          0,
          null,
          0,
          0,
          null,
          0,
          0,
          0,
          0,
          0,
          0,
          0,
          null,
          0,
          0,
          null,
          0,
          0,
          0,
          null,
          0,
          0,
          0,
          null,
          0,
          null,
          0,
          0,
          null,
          0,
          0,
          0,
          0,
          0,
          0,
          0,
          0,
          null,
          0,
          0,
          0,
          0,
          0,
          0,
          0,
          0,
          0,
          0,
          0
        ],
        "branches": {}
      },
      "/home/saswat/csce606/CSCE606_Fall2025_Project3_Group6/app/controllers/watchlist_items_controller.rb": {
        "lines": [
          0,
          0,
          null,
          0,
          0,
          null,
          null,
          0,
          null,
          0,
          0,
          0,
          null,
          0,
          0,
          0,
          0,
          0,
          0,
          0,
          0,
          null,
          0,
          0,
          0,
          0,
          0,
          null,
          0,
          0,
          0,
          0,
          0,
          0,
          0,
          0,
          0,
          null,
          null,
          0,
          0,
          0,
          0,
          0,
          0,
          null,
          0,
          0,
          0,
          0,
          0,
          0,
          0,
          0,
          null,
          0,
          null,
          0,
          0,
          null,
          null,
          0,
          0,
          null,
          null,
          0,
          0,
          null,
          null,
          0,
          0,
          null,
          0,
          0,
          0
        ],
        "branches": {}
      },
      "/home/saswat/csce606/CSCE606_Fall2025_Project3_Group6/app/controllers/watchlists_controller.rb": {
        "lines": [
          0,
          0,
          null,
          0,
          0,
          0,
          0,
          0
        ],
        "branches": {}
      },
      "/home/saswat/csce606/CSCE606_Fall2025_Project3_Group6/app/helpers/application_helper.rb": {
        "lines": [
          0,
          0,
          0,
          null,
          0,
          0,
          0,
          0,
          0,
          0,
          0,
          0,
          0,
          0,
          null,
          0,
          0,
          0
        ],
        "branches": {}
      },
      "/home/saswat/csce606/CSCE606_Fall2025_Project3_Group6/app/helpers/home_helper.rb": {
        "lines": [
          0,
          0
        ],
        "branches": {}
      },
      "/home/saswat/csce606/CSCE606_Fall2025_Project3_Group6/app/helpers/watchlist_items_helper.rb": {
        "lines": [
          0,
          0
        ],
        "branches": {}
      },
      "/home/saswat/csce606/CSCE606_Fall2025_Project3_Group6/app/jobs/application_job.rb": {
        "lines": [
          0,
          null,
          null,
          null,
          null,
          null,
          0
        ],
        "branches": {}
      },
      "/home/saswat/csce606/CSCE606_Fall2025_Project3_Group6/app/mailers/application_mailer.rb": {
        "lines": [
          0,
          0,
          0,
          null,
          null,
          0,
          null,
          null,
          0,
          0
        ],
        "branches": {}
      },
      "/home/saswat/csce606/CSCE606_Fall2025_Project3_Group6/app/mailers/devise_mailer.rb": {
        "lines": [
          0,
          0
        ],
        "branches": {}
      },
      "/home/saswat/csce606/CSCE606_Fall2025_Project3_Group6/app/models/achievement.rb": {
        "lines": [
          0,
          0
        ],
        "branches": {}
      },
      "/home/saswat/csce606/CSCE606_Fall2025_Project3_Group6/app/models/application_record.rb": {
        "lines": [
          0,
          0,
          0
        ],
        "branches": {}
      },
      "/home/saswat/csce606/CSCE606_Fall2025_Project3_Group6/app/models/email_preference.rb": {
        "lines": [
          0,
          0,
          0
        ],
        "branches": {}
      },
      "/home/saswat/csce606/CSCE606_Fall2025_Project3_Group6/app/models/follow.rb": {
        "lines": [
          0,
          0,
          0,
          null,
          0,
          0
        ],
        "branches": {}
      },
      "/home/saswat/csce606/CSCE606_Fall2025_Project3_Group6/app/models/genre.rb": {
        "lines": [
          0,
          0,
          0,
          null,
          0,
          0,
          null,
          0,
          0,
          0,
          0,
          0,
          0
        ],
        "branches": {}
      },
      "/home/saswat/csce606/CSCE606_Fall2025_Project3_Group6/app/models/list.rb": {
        "lines": [
          0,
          0,
          0,
          0,
          null,
          0,
          0,
          0
        ],
        "branches": {}
      },
      "/home/saswat/csce606/CSCE606_Fall2025_Project3_Group6/app/models/list_item.rb": {
        "lines": [
          0,
          0,
          0,
          null,
          0,
          0
        ],
        "branches": {}
      },
      "/home/saswat/csce606/CSCE606_Fall2025_Project3_Group6/app/models/log.rb": {
        "lines": [
          0,
          0,
          0,
          null,
          0,
          0,
          0
        ],
        "branches": {}
      },
      "/home/saswat/csce606/CSCE606_Fall2025_Project3_Group6/app/models/log_tag.rb": {
        "lines": [
          0,
          0,
          0,
          0
        ],
        "branches": {}
      },
      "/home/saswat/csce606/CSCE606_Fall2025_Project3_Group6/app/models/movie.rb": {
        "lines": [
          0,
          0,
          0,
          0,
          0,
          0,
          0,
          0,
          null,
          0,
          null,
          0,
          0,
          null,
          0,
          0,
          0,
          null,
          0,
          0,
          null,
          0,
          0,
          0,
          0,
          0,
          0,
          0,
          0,
          0,
          0,
          0,
          0,
          0,
          null,
          0,
          0,
          0,
          null,
          0,
          0,
          0,
          0,
          null,
          0,
          0,
          0,
          0,
          null,
          0,
          0,
          0,
          0
        ],
        "branches": {}
      },
      "/home/saswat/csce606/CSCE606_Fall2025_Project3_Group6/app/models/movie_genre.rb": {
        "lines": [
          0,
          0,
          0,
          0
        ],
        "branches": {}
      },
      "/home/saswat/csce606/CSCE606_Fall2025_Project3_Group6/app/models/movie_person.rb": {
        "lines": [
          0,
          0,
          0,
          0
        ],
        "branches": {}
      },
      "/home/saswat/csce606/CSCE606_Fall2025_Project3_Group6/app/models/notification.rb": {
        "lines": [
          0,
          0,
          0
        ],
        "branches": {}
      },
      "/home/saswat/csce606/CSCE606_Fall2025_Project3_Group6/app/models/person.rb": {
        "lines": [
          0,
          0,
          0,
          null,
          0,
          0,
          null,
          0,
          0,
          0,
          0,
          0,
          0,
          null,
          0,
          0,
          0,
          0
        ],
        "branches": {}
      },
      "/home/saswat/csce606/CSCE606_Fall2025_Project3_Group6/app/models/review.rb": {
        "lines": [
          0,
          0,
          0,
          0,
          null,
          0,
          0,
          0,
          null,
          0,
          0,
          null,
          0,
          0,
          0,
          null,
          0,
          0,
          0,
          0
        ],
        "branches": {}
      },
      "/home/saswat/csce606/CSCE606_Fall2025_Project3_Group6/app/models/tag.rb": {
        "lines": [
          0,
          0
        ],
        "branches": {}
      },
      "/home/saswat/csce606/CSCE606_Fall2025_Project3_Group6/app/models/user.rb": {
        "lines": [
          0,
          0,
          0,
          null,
          null,
          null,
          null,
          null,
          0,
          0,
          null,
          null,
          0,
          0,
          0,
          0,
          null,
          null,
          0,
          0,
          null,
          null,
          0,
          0,
          null,
          null,
          0,
          null,
          null,
          null,
          null,
          0,
          null,
          0,
          0,
          0,
          0,
          0,
          0,
          0,
          0,
          null,
          null,
          null,
          null,
          0,
          0,
          0,
          null,
          0,
          0,
          0,
          null,
          0,
          null,
          0,
          0,
          null,
          0,
          null,
          0,
          0,
          0,
          0,
          0,
          0
        ],
        "branches": {}
      },
      "/home/saswat/csce606/CSCE606_Fall2025_Project3_Group6/app/models/user_achievement.rb": {
        "lines": [
          0,
          0,
          0,
          0
        ],
        "branches": {}
      },
      "/home/saswat/csce606/CSCE606_Fall2025_Project3_Group6/app/models/user_stat.rb": {
        "lines": [
          0,
          0,
          0
        ],
        "branches": {}
      },
      "/home/saswat/csce606/CSCE606_Fall2025_Project3_Group6/app/models/vote.rb": {
        "lines": [
          0,
          0,
          0,
          null,
          0,
          0,
          null,
          0,
          null,
          0,
          null,
          0,
          0,
          0,
          0
        ],
        "branches": {}
      },
      "/home/saswat/csce606/CSCE606_Fall2025_Project3_Group6/app/models/watch_history.rb": {
        "lines": [
          0,
          0,
          0,
          null,
          0,
          0
        ],
        "branches": {}
      },
      "/home/saswat/csce606/CSCE606_Fall2025_Project3_Group6/app/models/watch_log.rb": {
        "lines": [
          0,
          0,
          0,
          null,
          0,
          null,
          0,
          0,
          null,
          0,
          0,
          0,
          null,
          0,
          0,
          0,
          0,
          0,
          0,
          null,
          0,
          null,
          0,
          0,
          0,
          0,
          0,
          null,
          null,
          null,
          0,
          0,
          null,
          0,
          null,
          0,
          0,
          0,
          0,
          null,
          0,
          0,
          0,
          0,
          0,
          0,
          0,
          null,
          0,
          0,
          null,
          0,
          0,
          0,
          0,
          0,
          0
        ],
        "branches": {}
      },
      "/home/saswat/csce606/CSCE606_Fall2025_Project3_Group6/app/models/watchlist.rb": {
        "lines": [
          0,
          0,
          0,
          0,
          0
        ],
        "branches": {}
      },
      "/home/saswat/csce606/CSCE606_Fall2025_Project3_Group6/app/models/watchlist_item.rb": {
        "lines": [
          0,
          0,
          0,
          0
        ],
        "branches": {}
      },
      "/home/saswat/csce606/CSCE606_Fall2025_Project3_Group6/app/services/stats_service.rb": {
        "lines": [
          0,
          0,
          0,
          0,
          null,
          0,
          0,
          0,
          0,
          0,
          0,
          0,
          0,
          0,
          0,
          0,
          0,
          0,
          0,
          0,
          0,
          0,
          0,
          0,
          0,
          null,
          0,
          0,
          0,
          0,
          0,
          0,
          0,
          0,
          null,
          0,
          0,
          0,
          0,
          0,
          0,
          0,
          null,
          0,
          0,
          0,
          0,
          0,
          0,
          null,
          0,
          0,
          0,
          0,
          0,
          0,
          null,
          null,
          null,
          0,
          0,
          0,
          0,
          null,
          0,
          0,
          null,
          0,
          0,
          0,
          0,
          0,
          0,
          0,
          null,
          0,
          null,
          0,
          null,
          0,
          0,
          0,
          null,
          0,
          0,
          0,
          0,
          null,
          0,
          null,
          null,
          0,
          0,
          0,
          null,
          0,
          0,
          null,
          0,
          0,
          0,
          0,
          0,
          null,
          0,
          0,
          null,
          0,
          0,
          null,
          0,
          0,
          0,
          0,
          0,
          null,
          0,
          0,
          0,
          0,
          null,
          0,
          0,
          null,
          null,
          0,
          null,
          null,
          0,
          0,
          0,
          0,
          0,
          null,
          0,
          0,
          0,
          0,
          null,
          0,
          0,
          null,
          null,
          0,
          null,
          null,
          0,
          0,
          0,
          0,
          0,
          null,
          0,
          0,
          0,
          0,
          null,
          0,
          0,
          0,
          null,
          0,
          null,
          0,
          0,
          0,
          0,
          0,
          0,
          null,
          null,
          0,
          0,
          0,
          0,
          0,
          0,
          0,
          null,
          0,
          0,
          null,
          0,
          0,
          0,
          null,
          null,
          0,
          0,
          0,
          0,
          0,
          0,
          null,
          0,
          0,
          0,
          0,
          null,
          0,
          0,
          0,
          0,
          0,
          null,
          0,
          0,
          0,
          0,
          0,
          0
        ],
        "branches": {}
      },
      "/home/saswat/csce606/CSCE606_Fall2025_Project3_Group6/app/services/tmdb_service.rb": {
        "lines": [
          0,
          0,
          0,
          null,
          0,
          0,
          0,
          0,
          0,
          0,
          0,
          0,
          null,
          0,
          0,
          null,
          0,
          0,
          null,
          0,
          null,
          0,
          0,
          0,
          0,
          0,
          0,
          null,
          0,
          null,
          0,
          0,
          null,
          0,
          0,
          0,
          0,
          0,
          0,
          0,
          null,
          0,
          0,
          0,
          0,
          0,
          0,
          0,
          0,
          null,
          0,
          0,
          null,
          0,
          0,
          0,
          0,
          0,
          null,
          0,
          0,
          null,
          0,
          0,
          null,
          0,
          null,
          0,
          0,
          0,
          0,
          0,
          null,
          0,
          0,
          0,
          0,
          0,
          0,
          0,
          0,
          0,
          0,
          0,
          null,
          0,
          0,
          null,
          0,
          0,
          null,
          0,
          null,
          0,
          0,
          0,
          0,
          0,
          0,
          null,
          0,
          0,
          0,
          0,
          0,
          0,
          0,
          0,
          0,
          0,
          0,
          null,
          0,
          0,
          0,
          null,
          0,
          0,
          0,
          0,
          0,
          0,
          null,
          0,
          0,
          0,
          0,
          null,
          0,
          0,
          0,
          0,
          0,
          0,
          0,
          0,
          0,
          0,
          0,
          0,
          0,
          null,
          0,
          0,
          0,
          null,
          0,
          0,
          0,
          0,
          0,
          0,
          null,
          0,
          0,
          0,
          0,
          null,
          0,
          0,
          0,
          0,
          0,
          0,
          0,
          0,
          0,
          0,
          0,
          0,
          0,
          null,
          0,
          0,
          0,
          null,
          0,
          null,
          0,
          0,
          null,
          0,
          0,
          0,
          0,
          0,
          0,
          0,
          0,
          0,
          0,
          0,
          null,
          0,
          0,
          0,
          0,
          null,
          0,
          null,
          0,
          0,
          0,
          0,
          null,
          0,
          0,
          0,
          0,
          0,
          null,
          0,
          0,
          0,
          0,
          null,
          0,
          0,
          0
        ],
        "branches": {}
      }
    },
    "timestamp": 1764800989
  }
}
